2013/04/23 12:57:39 [error] [exception.CHttpException.404] exception 'CHttpException' with message 'Unable to resolve the request "yii".' in F:\www\520xmn\webapp\framework\web\CWebApplication.php:286
Stack trace:
#0 F:\www\520xmn\webapp\framework\web\CWebApplication.php(141): CWebApplication->runController('yii')
#1 F:\www\520xmn\webapp\framework\base\CApplication.php(169): CWebApplication->processRequest()
#2 F:\www\520xmn\webapp\index.php(13): CApplication->run()
#3 {main}
REQUEST_URI=/520xmn/webapp/index.php?r=yii
---
2013/04/23 13:06:22 [error] [system.db.CDbCommand] CDbCommand::fetchAll() failed: SQLSTATE[42S02]: Base table or view not found: 1146 Table 'testdrive.pic' doesn't exist. The SQL statement executed was: SHOW FULL COLUMNS FROM `pic`.
in F:\www\520xmn\webapp\index.php (13)
2013/04/24 20:27:05 [error] [php] Use of undefined constant ROOT - assumed 'ROOT' (F:\www\520xmn\webapp\basic.php:7)
Stack trace:
#0 F:\www\520xmn\webapp\framework\web\CController.php(308): CInlineAction->runWithParams()
#1 F:\www\520xmn\webapp\framework\web\CController.php(286): PicController->runAction()
#2 F:\www\520xmn\webapp\framework\web\CController.php(265): PicController->runActionWithFilters()
#3 F:\www\520xmn\webapp\framework\web\CWebApplication.php(282): PicController->run()
#4 F:\www\520xmn\webapp\framework\web\CWebApplication.php(141): CWebApplication->runController()
#5 F:\www\520xmn\webapp\framework\base\CApplication.php(169): CWebApplication->processRequest()
#6 F:\www\520xmn\webapp\index.php(14): CWebApplication->run()
REQUEST_URI=/520xmn/webapp/index.php?r=pic
in F:\www\520xmn\webapp\basic.php (7)
in F:\www\520xmn\webapp\protected\controllers\PicController.php (9)
in F:\www\520xmn\webapp\index.php (14)
2013/04/24 20:28:06 [error] [php] Use of undefined constant ROOT - assumed 'ROOT' (F:\www\520xmn\webapp\basic.php:7)
Stack trace:
#0 F:\www\520xmn\webapp\framework\web\CController.php(308): CInlineAction->runWithParams()
#1 F:\www\520xmn\webapp\framework\web\CController.php(286): PicController->runAction()
#2 F:\www\520xmn\webapp\framework\web\CController.php(265): PicController->runActionWithFilters()
#3 F:\www\520xmn\webapp\framework\web\CWebApplication.php(282): PicController->run()
#4 F:\www\520xmn\webapp\framework\web\CWebApplication.php(141): CWebApplication->runController()
#5 F:\www\520xmn\webapp\framework\base\CApplication.php(169): CWebApplication->processRequest()
#6 F:\www\520xmn\webapp\index.php(16): CWebApplication->run()
REQUEST_URI=/520xmn/webapp/index.php?r=pic
in F:\www\520xmn\webapp\basic.php (7)
in F:\www\520xmn\webapp\protected\controllers\PicController.php (9)
in F:\www\520xmn\webapp\index.php (16)
2013/04/24 20:28:08 [error] [php] Use of undefined constant ROOT - assumed 'ROOT' (F:\www\520xmn\webapp\basic.php:7)
Stack trace:
#0 F:\www\520xmn\webapp\framework\web\CController.php(308): CInlineAction->runWithParams()
#1 F:\www\520xmn\webapp\framework\web\CController.php(286): PicController->runAction()
#2 F:\www\520xmn\webapp\framework\web\CController.php(265): PicController->runActionWithFilters()
#3 F:\www\520xmn\webapp\framework\web\CWebApplication.php(282): PicController->run()
#4 F:\www\520xmn\webapp\framework\web\CWebApplication.php(141): CWebApplication->runController()
#5 F:\www\520xmn\webapp\framework\base\CApplication.php(169): CWebApplication->processRequest()
#6 F:\www\520xmn\webapp\index.php(16): CWebApplication->run()
REQUEST_URI=/520xmn/webapp/index.php?r=pic
in F:\www\520xmn\webapp\basic.php (7)
in F:\www\520xmn\webapp\protected\controllers\PicController.php (9)
in F:\www\520xmn\webapp\index.php (16)
2013/04/24 20:28:08 [error] [php] Use of undefined constant ROOT - assumed 'ROOT' (F:\www\520xmn\webapp\basic.php:7)
Stack trace:
#0 F:\www\520xmn\webapp\framework\web\CController.php(308): CInlineAction->runWithParams()
#1 F:\www\520xmn\webapp\framework\web\CController.php(286): PicController->runAction()
#2 F:\www\520xmn\webapp\framework\web\CController.php(265): PicController->runActionWithFilters()
#3 F:\www\520xmn\webapp\framework\web\CWebApplication.php(282): PicController->run()
#4 F:\www\520xmn\webapp\framework\web\CWebApplication.php(141): CWebApplication->runController()
#5 F:\www\520xmn\webapp\framework\base\CApplication.php(169): CWebApplication->processRequest()
#6 F:\www\520xmn\webapp\index.php(16): CWebApplication->run()
REQUEST_URI=/520xmn/webapp/index.php?r=pic
in F:\www\520xmn\webapp\basic.php (7)
in F:\www\520xmn\webapp\protected\controllers\PicController.php (9)
in F:\www\520xmn\webapp\index.php (16)
2013/04/24 20:28:19 [error] [php] Use of undefined constant ROOT - assumed 'ROOT' (F:\www\520xmn\webapp\basic.php:7)
Stack trace:
#0 F:\www\520xmn\webapp\framework\web\CController.php(308): CInlineAction->runWithParams()
#1 F:\www\520xmn\webapp\framework\web\CController.php(286): PicController->runAction()
#2 F:\www\520xmn\webapp\framework\web\CController.php(265): PicController->runActionWithFilters()
#3 F:\www\520xmn\webapp\framework\web\CWebApplication.php(282): PicController->run()
#4 F:\www\520xmn\webapp\framework\web\CWebApplication.php(141): CWebApplication->runController()
#5 F:\www\520xmn\webapp\framework\base\CApplication.php(169): CWebApplication->processRequest()
#6 F:\www\520xmn\webapp\index.php(16): CWebApplication->run()
REQUEST_URI=/520xmn/webapp/index.php?r=pic
in F:\www\520xmn\webapp\basic.php (7)
in F:\www\520xmn\webapp\protected\controllers\PicController.php (9)
in F:\www\520xmn\webapp\index.php (16)
2013/04/24 20:30:53 [error] [exception.CException] exception 'CException' with message 'Property "Pic._attributes" is not defined.' in F:\www\520xmn\webapp\framework\base\CComponent.php:130
Stack trace:
#0 F:\www\520xmn\webapp\framework\db\ar\CActiveRecord.php(143): CComponent->__get('_attributes')
#1 F:\www\520xmn\webapp\protected\controllers\PicController.php(9): CActiveRecord->__get('_attributes')
#2 F:\www\520xmn\webapp\framework\web\actions\CInlineAction.php(49): PicController->actionIndex()
#3 F:\www\520xmn\webapp\framework\web\CController.php(308): CInlineAction->runWithParams(Array)
#4 F:\www\520xmn\webapp\framework\web\CController.php(286): CController->runAction(Object(CInlineAction))
#5 F:\www\520xmn\webapp\framework\web\CController.php(265): CController->runActionWithFilters(Object(CInlineAction), Array)
#6 F:\www\520xmn\webapp\framework\web\CWebApplication.php(282): CController->run('')
#7 F:\www\520xmn\webapp\framework\web\CWebApplication.php(141): CWebApplication->runController('pic')
#8 F:\www\520xmn\webapp\framework\base\CApplication.php(169): CWebApplication->processRequest()
#9 F:\www\520xmn\webapp\index.php(16): CApplication->run()
#10 {main}
REQUEST_URI=/520xmn/webapp/index.php?r=pic
---
2013/04/24 20:33:52 [error] [exception.CException] exception 'CException' with message 'Property "Pic.pic" is not defined.' in F:\www\520xmn\webapp\framework\base\CComponent.php:130
Stack trace:
#0 F:\www\520xmn\webapp\framework\db\ar\CActiveRecord.php(143): CComponent->__get('pic')
#1 F:\www\520xmn\webapp\protected\controllers\PicController.php(9): CActiveRecord->__get('pic')
#2 F:\www\520xmn\webapp\framework\web\actions\CInlineAction.php(49): PicController->actionIndex()
#3 F:\www\520xmn\webapp\framework\web\CController.php(308): CInlineAction->runWithParams(Array)
#4 F:\www\520xmn\webapp\framework\web\CController.php(286): CController->runAction(Object(CInlineAction))
#5 F:\www\520xmn\webapp\framework\web\CController.php(265): CController->runActionWithFilters(Object(CInlineAction), Array)
#6 F:\www\520xmn\webapp\framework\web\CWebApplication.php(282): CController->run('')
#7 F:\www\520xmn\webapp\framework\web\CWebApplication.php(141): CWebApplication->runController('pic')
#8 F:\www\520xmn\webapp\framework\base\CApplication.php(169): CWebApplication->processRequest()
#9 F:\www\520xmn\webapp\index.php(16): CApplication->run()
#10 {main}
REQUEST_URI=/520xmn/webapp/index.php?r=pic
---
2013/04/25 12:52:11 [error] [php] Undefined variable: item (F:\www\520xmn\webapp\protected\models\Pic.php:146)
Stack trace:
#0 F:\www\520xmn\webapp\framework\web\actions\CInlineAction.php(49): PicController->actionIndex()
#1 F:\www\520xmn\webapp\framework\web\CController.php(308): CInlineAction->runWithParams()
#2 F:\www\520xmn\webapp\framework\web\CController.php(286): PicController->runAction()
#3 F:\www\520xmn\webapp\framework\web\CController.php(265): PicController->runActionWithFilters()
#4 F:\www\520xmn\webapp\framework\web\CWebApplication.php(282): PicController->run()
#5 F:\www\520xmn\webapp\framework\web\CWebApplication.php(141): CWebApplication->runController()
#6 F:\www\520xmn\webapp\framework\base\CApplication.php(169): CWebApplication->processRequest()
#7 F:\www\520xmn\webapp\index.php(16): CWebApplication->run()
REQUEST_URI=/520xmn/webapp/index.php?r=pic
in F:\www\520xmn\webapp\protected\models\Pic.php (146)
in F:\www\520xmn\webapp\protected\models\Pic.php (119)
in F:\www\520xmn\webapp\protected\controllers\PicController.php (9)
2013/04/25 13:08:01 [error] [system.db.CDbCommand] CDbCommand::fetchAll() failed: SQLSTATE[42S02]: Base table or view not found: 1146 Table '520xmn.pic_term_relateion' doesn't exist. The SQL statement executed was: SHOW FULL COLUMNS FROM `pic_term_relateion`.
in F:\www\520xmn\webapp\protected\controllers\PicController.php (9)
in F:\www\520xmn\webapp\index.php (16)
2013/04/25 13:08:01 [error] [exception.CDbException] exception 'CDbException' with message 'The relation "tag" in active record class "Pic" is not specified correctly: the join table "pic_term_relateion" given in the foreign key cannot be found in the database.' in F:\www\520xmn\webapp\framework\db\ar\CActiveFinder.php:523
Stack trace:
#0 F:\www\520xmn\webapp\framework\db\ar\CActiveFinder.php(482): CJoinElement->applyLazyCondition(Object(CJoinQuery), Object(Pic))
#1 F:\www\520xmn\webapp\framework\db\ar\CActiveFinder.php(163): CJoinElement->lazyFind(Object(Pic))
#2 F:\www\520xmn\webapp\framework\db\ar\CActiveRecord.php(272): CActiveFinder->lazyFind(Object(Pic))
#3 F:\www\520xmn\webapp\framework\db\ar\CActiveRecord.php(141): CActiveRecord->getRelated('tag')
#4 F:\www\520xmn\webapp\protected\controllers\PicController.php(9): CActiveRecord->__get('tag')
#5 F:\www\520xmn\webapp\framework\web\actions\CInlineAction.php(49): PicController->actionIndex()
#6 F:\www\520xmn\webapp\framework\web\CController.php(308): CInlineAction->runWithParams(Array)
#7 F:\www\520xmn\webapp\framework\web\CController.php(286): CController->runAction(Object(CInlineAction))
#8 F:\www\520xmn\webapp\framework\web\CController.php(265): CController->runActionWithFilters(Object(CInlineAction), Array)
#9 F:\www\520xmn\webapp\framework\web\CWebApplication.php(282): CController->run('')
#10 F:\www\520xmn\webapp\framework\web\CWebApplication.php(141): CWebApplication->runController('pic')
#11 F:\www\520xmn\webapp\framework\base\CApplication.php(169): CWebApplication->processRequest()
#12 F:\www\520xmn\webapp\index.php(16): CApplication->run()
#13 {main}
REQUEST_URI=/520xmn/webapp/index.php?r=pic
---
2013/04/25 13:09:11 [error] [system.db.CDbCommand] CDbCommand::fetchAll() failed: SQLSTATE[42S02]: Base table or view not found: 1146 Table '520xmn.pic_term_relateion' doesn't exist. The SQL statement executed was: SHOW FULL COLUMNS FROM `pic_term_relateion`.
in F:\www\520xmn\webapp\protected\controllers\PicController.php (8)
in F:\www\520xmn\webapp\index.php (16)
2013/04/25 13:09:11 [error] [exception.CDbException] exception 'CDbException' with message 'The relation "tag" in active record class "Pic" is not specified correctly: the join table "pic_term_relateion" given in the foreign key cannot be found in the database.' in F:\www\520xmn\webapp\framework\db\ar\CActiveFinder.php:990
Stack trace:
#0 F:\www\520xmn\webapp\framework\db\ar\CActiveFinder.php(1242): CJoinElement->getJoinCondition()
#1 F:\www\520xmn\webapp\framework\db\ar\CActiveFinder.php(748): CJoinQuery->join(Object(CJoinElement))
#2 F:\www\520xmn\webapp\framework\db\ar\CActiveFinder.php(420): CJoinElement->buildQuery(Object(CJoinQuery))
#3 F:\www\520xmn\webapp\framework\db\ar\CActiveFinder.php(68): CJoinElement->find(Object(CDbCriteria))
#4 F:\www\520xmn\webapp\framework\db\ar\CActiveRecord.php(1302): CActiveFinder->query(Object(CDbCriteria), false)
#5 F:\www\520xmn\webapp\framework\db\ar\CActiveRecord.php(1432): CActiveRecord->query(Object(CDbCriteria))
#6 F:\www\520xmn\webapp\protected\controllers\PicController.php(8): CActiveRecord->findByPk(100)
#7 F:\www\520xmn\webapp\framework\web\actions\CInlineAction.php(49): PicController->actionIndex()
#8 F:\www\520xmn\webapp\framework\web\CController.php(308): CInlineAction->runWithParams(Array)
#9 F:\www\520xmn\webapp\framework\web\CController.php(286): CController->runAction(Object(CInlineAction))
#10 F:\www\520xmn\webapp\framework\web\CController.php(265): CController->runActionWithFilters(Object(CInlineAction), Array)
#11 F:\www\520xmn\webapp\framework\web\CWebApplication.php(282): CController->run('')
#12 F:\www\520xmn\webapp\framework\web\CWebApplication.php(141): CWebApplication->runController('pic')
#13 F:\www\520xmn\webapp\framework\base\CApplication.php(169): CWebApplication->processRequest()
#14 F:\www\520xmn\webapp\index.php(16): CApplication->run()
#15 {main}
REQUEST_URI=/520xmn/webapp/index.php?r=pic
---
2013/04/25 13:41:46 [error] [php] Undefined variable: relateds (F:\www\520xmn\webapp\protected\models\Pic.php:171)
Stack trace:
#0 F:\www\520xmn\webapp\protected\controllers\PicController.php(13): Pic->getNewPic()
#1 F:\www\520xmn\webapp\framework\web\actions\CInlineAction.php(49): PicController->actionIndex()
#2 F:\www\520xmn\webapp\framework\web\CController.php(308): CInlineAction->runWithParams()
#3 F:\www\520xmn\webapp\framework\web\CController.php(286): PicController->runAction()
#4 F:\www\520xmn\webapp\framework\web\CController.php(265): PicController->runActionWithFilters()
#5 F:\www\520xmn\webapp\framework\web\CWebApplication.php(282): PicController->run()
#6 F:\www\520xmn\webapp\framework\web\CWebApplication.php(141): CWebApplication->runController()
#7 F:\www\520xmn\webapp\framework\base\CApplication.php(169): CWebApplication->processRequest()
#8 F:\www\520xmn\webapp\index.php(16): CWebApplication->run()
REQUEST_URI=/520xmn/webapp/index.php?r=pic
in F:\www\520xmn\webapp\protected\models\Pic.php (171)
in F:\www\520xmn\webapp\protected\models\Pic.php (159)
in F:\www\520xmn\webapp\protected\models\Pic.php (116)
2013/04/25 13:45:08 [error] [php] Undefined index:  with (F:\www\520xmn\webapp\protected\models\Pic.php:149)
Stack trace:
#0 F:\www\520xmn\webapp\framework\web\actions\CInlineAction.php(49): PicController->actionIndex()
#1 F:\www\520xmn\webapp\framework\web\CController.php(308): CInlineAction->runWithParams()
#2 F:\www\520xmn\webapp\framework\web\CController.php(286): PicController->runAction()
#3 F:\www\520xmn\webapp\framework\web\CController.php(265): PicController->runActionWithFilters()
#4 F:\www\520xmn\webapp\framework\web\CWebApplication.php(282): PicController->run()
#5 F:\www\520xmn\webapp\framework\web\CWebApplication.php(141): CWebApplication->runController()
#6 F:\www\520xmn\webapp\framework\base\CApplication.php(169): CWebApplication->processRequest()
#7 F:\www\520xmn\webapp\index.php(16): CWebApplication->run()
REQUEST_URI=/520xmn/webapp/index.php?r=pic
in F:\www\520xmn\webapp\protected\models\Pic.php (149)
in F:\www\520xmn\webapp\protected\models\Pic.php (116)
in F:\www\520xmn\webapp\protected\controllers\PicController.php (13)
2013/04/25 13:50:36 [error] [php] Undefined variable: atts (F:\www\520xmn\webapp\protected\models\Pic.php:156)
Stack trace:
#0 F:\www\520xmn\webapp\framework\web\actions\CInlineAction.php(49): PicController->actionIndex()
#1 F:\www\520xmn\webapp\framework\web\CController.php(308): CInlineAction->runWithParams()
#2 F:\www\520xmn\webapp\framework\web\CController.php(286): PicController->runAction()
#3 F:\www\520xmn\webapp\framework\web\CController.php(265): PicController->runActionWithFilters()
#4 F:\www\520xmn\webapp\framework\web\CWebApplication.php(282): PicController->run()
#5 F:\www\520xmn\webapp\framework\web\CWebApplication.php(141): CWebApplication->runController()
#6 F:\www\520xmn\webapp\framework\base\CApplication.php(169): CWebApplication->processRequest()
#7 F:\www\520xmn\webapp\index.php(16): CWebApplication->run()
REQUEST_URI=/520xmn/webapp/index.php?r=pic
in F:\www\520xmn\webapp\protected\models\Pic.php (156)
in F:\www\520xmn\webapp\protected\models\Pic.php (117)
in F:\www\520xmn\webapp\protected\controllers\PicController.php (13)
2013/04/25 19:32:51 [error] [system.db.CDbCommand] CDbCommand::fetchAll() failed: SQLSTATE[HY093]: Invalid parameter number: parameter was not defined. The SQL statement executed was: SELECT `t`.`id` AS `t0_c0`, `t`.`path` AS `t0_c4`, `t`.`file_name` AS `t0_c5`, `t`.`title` AS `t0_c6` FROM `pic` `t`  WHERE (id=:picID) ORDER BY id DESC LIMIT 30.
in F:\www\520xmn\webapp\protected\models\Pic.php (158)
in F:\www\520xmn\webapp\protected\models\Pic.php (130)
in F:\www\520xmn\webapp\protected\controllers\PicController.php (9)
2013/04/25 19:32:51 [error] [exception.CDbException] exception 'CDbException' with message 'CDbCommand failed to execute the SQL statement: SQLSTATE[HY093]: Invalid parameter number: parameter was not defined. The SQL statement executed was: SELECT `t`.`id` AS `t0_c0`, `t`.`path` AS `t0_c4`, `t`.`file_name` AS `t0_c5`, `t`.`title` AS `t0_c6` FROM `pic` `t`  WHERE (id=:picID) ORDER BY id DESC LIMIT 30' in F:\www\520xmn\webapp\framework\db\CDbCommand.php:541
Stack trace:
#0 F:\www\520xmn\webapp\framework\db\CDbCommand.php(395): CDbCommand->queryInternal('fetchAll', Array, Array)
#1 F:\www\520xmn\webapp\framework\db\ar\CActiveFinder.php(761): CDbCommand->queryAll()
#2 F:\www\520xmn\webapp\framework\db\ar\CActiveFinder.php(422): CJoinElement->runQuery(Object(CJoinQuery))
#3 F:\www\520xmn\webapp\framework\db\ar\CActiveFinder.php(68): CJoinElement->find(Object(CDbCriteria))
#4 F:\www\520xmn\webapp\framework\db\ar\CActiveRecord.php(1302): CActiveFinder->query(Object(CDbCriteria), true)
#5 F:\www\520xmn\webapp\framework\db\ar\CActiveRecord.php(1416): CActiveRecord->query(Object(CDbCriteria), true)
#6 F:\www\520xmn\webapp\protected\models\Pic.php(158): CActiveRecord->findAll(Array)
#7 F:\www\520xmn\webapp\protected\models\Pic.php(130): Pic->_find(Array)
#8 F:\www\520xmn\webapp\protected\controllers\PicController.php(9): Pic->getOnePic(100)
#9 F:\www\520xmn\webapp\framework\web\actions\CInlineAction.php(49): PicController->actionIndex()
#10 F:\www\520xmn\webapp\framework\web\CController.php(308): CInlineAction->runWithParams(Array)
#11 F:\www\520xmn\webapp\framework\web\CController.php(286): CController->runAction(Object(CInlineAction))
#12 F:\www\520xmn\webapp\framework\web\CController.php(265): CController->runActionWithFilters(Object(CInlineAction), Array)
#13 F:\www\520xmn\webapp\framework\web\CWebApplication.php(282): CController->run('')
#14 F:\www\520xmn\webapp\framework\web\CWebApplication.php(141): CWebApplication->runController('pic')
#15 F:\www\520xmn\webapp\framework\base\CApplication.php(169): CWebApplication->processRequest()
#16 F:\www\520xmn\webapp\index.php(18): CApplication->run()
#17 {main}
REQUEST_URI=/520xmn/webapp/index.php?r=pic
---
2013/04/25 19:33:01 [error] [system.db.CDbCommand] CDbCommand::fetchAll() failed: SQLSTATE[HY093]: Invalid parameter number: parameter was not defined. The SQL statement executed was: SELECT id,path,file_name,title FROM `pic` `t` WHERE id=:picID ORDER BY id DESC LIMIT 30.
in F:\www\520xmn\webapp\protected\models\Pic.php (158)
in F:\www\520xmn\webapp\protected\models\Pic.php (130)
in F:\www\520xmn\webapp\protected\controllers\PicController.php (9)
2013/04/25 19:33:01 [error] [exception.CDbException] exception 'CDbException' with message 'CDbCommand failed to execute the SQL statement: SQLSTATE[HY093]: Invalid parameter number: parameter was not defined. The SQL statement executed was: SELECT id,path,file_name,title FROM `pic` `t` WHERE id=:picID ORDER BY id DESC LIMIT 30' in F:\www\520xmn\webapp\framework\db\CDbCommand.php:541
Stack trace:
#0 F:\www\520xmn\webapp\framework\db\CDbCommand.php(395): CDbCommand->queryInternal('fetchAll', Array, Array)
#1 F:\www\520xmn\webapp\framework\db\ar\CActiveRecord.php(1297): CDbCommand->queryAll()
#2 F:\www\520xmn\webapp\framework\db\ar\CActiveRecord.php(1416): CActiveRecord->query(Object(CDbCriteria), true)
#3 F:\www\520xmn\webapp\protected\models\Pic.php(158): CActiveRecord->findAll(Array)
#4 F:\www\520xmn\webapp\protected\models\Pic.php(130): Pic->_find(Array)
#5 F:\www\520xmn\webapp\protected\controllers\PicController.php(9): Pic->getOnePic(100)
#6 F:\www\520xmn\webapp\framework\web\actions\CInlineAction.php(49): PicController->actionIndex()
#7 F:\www\520xmn\webapp\framework\web\CController.php(308): CInlineAction->runWithParams(Array)
#8 F:\www\520xmn\webapp\framework\web\CController.php(286): CController->runAction(Object(CInlineAction))
#9 F:\www\520xmn\webapp\framework\web\CController.php(265): CController->runActionWithFilters(Object(CInlineAction), Array)
#10 F:\www\520xmn\webapp\framework\web\CWebApplication.php(282): CController->run('')
#11 F:\www\520xmn\webapp\framework\web\CWebApplication.php(141): CWebApplication->runController('pic')
#12 F:\www\520xmn\webapp\framework\base\CApplication.php(169): CWebApplication->processRequest()
#13 F:\www\520xmn\webapp\index.php(18): CApplication->run()
#14 {main}
REQUEST_URI=/520xmn/webapp/index.php?r=pic
---
2013/04/25 20:05:03 [error] [exception.CException] exception 'CException' with message 'Pic and its behaviors do not have a method or closure named "_find".' in F:\www\520xmn\webapp\framework\base\CComponent.php:265
Stack trace:
#0 F:\www\520xmn\webapp\framework\db\ar\CActiveRecord.php(225): CComponent->__call('_find', Array)
#1 F:\www\520xmn\webapp\protected\models\Pic.php(143): CActiveRecord->__call('_find', Array)
#2 F:\www\520xmn\webapp\protected\models\Pic.php(143): Pic->_find(Array)
#3 F:\www\520xmn\webapp\protected\controllers\PicController.php(9): Pic->getHotPic(1)
#4 F:\www\520xmn\webapp\framework\web\actions\CInlineAction.php(49): PicController->actionIndex()
#5 F:\www\520xmn\webapp\framework\web\CController.php(308): CInlineAction->runWithParams(Array)
#6 F:\www\520xmn\webapp\framework\web\CController.php(286): CController->runAction(Object(CInlineAction))
#7 F:\www\520xmn\webapp\framework\web\CController.php(265): CController->runActionWithFilters(Object(CInlineAction), Array)
#8 F:\www\520xmn\webapp\framework\web\CWebApplication.php(282): CController->run('')
#9 F:\www\520xmn\webapp\framework\web\CWebApplication.php(141): CWebApplication->runController('pic')
#10 F:\www\520xmn\webapp\framework\base\CApplication.php(169): CWebApplication->processRequest()
#11 F:\www\520xmn\webapp\index.php(18): CApplication->run()
#12 {main}
REQUEST_URI=/520xmn/webapp/index.php?r=pic
---
2013/04/25 20:05:21 [error] [exception.CException] exception 'CException' with message 'Pic and its behaviors do not have a method or closure named "_find".' in F:\www\520xmn\webapp\framework\base\CComponent.php:265
Stack trace:
#0 F:\www\520xmn\webapp\framework\db\ar\CActiveRecord.php(225): CComponent->__call('_find', Array)
#1 F:\www\520xmn\webapp\protected\models\Pic.php(143): CActiveRecord->__call('_find', Array)
#2 F:\www\520xmn\webapp\protected\models\Pic.php(143): Pic->_find(Array)
#3 F:\www\520xmn\webapp\protected\controllers\PicController.php(9): Pic->getHotPic(1)
#4 F:\www\520xmn\webapp\framework\web\actions\CInlineAction.php(49): PicController->actionIndex()
#5 F:\www\520xmn\webapp\framework\web\CController.php(308): CInlineAction->runWithParams(Array)
#6 F:\www\520xmn\webapp\framework\web\CController.php(286): CController->runAction(Object(CInlineAction))
#7 F:\www\520xmn\webapp\framework\web\CController.php(265): CController->runActionWithFilters(Object(CInlineAction), Array)
#8 F:\www\520xmn\webapp\framework\web\CWebApplication.php(282): CController->run('')
#9 F:\www\520xmn\webapp\framework\web\CWebApplication.php(141): CWebApplication->runController('pic')
#10 F:\www\520xmn\webapp\framework\base\CApplication.php(169): CWebApplication->processRequest()
#11 F:\www\520xmn\webapp\index.php(18): CApplication->run()
#12 {main}
REQUEST_URI=/520xmn/webapp/index.php?r=pic
---
2013/04/25 20:05:22 [error] [exception.CException] exception 'CException' with message 'Pic and its behaviors do not have a method or closure named "_find".' in F:\www\520xmn\webapp\framework\base\CComponent.php:265
Stack trace:
#0 F:\www\520xmn\webapp\framework\db\ar\CActiveRecord.php(225): CComponent->__call('_find', Array)
#1 F:\www\520xmn\webapp\protected\models\Pic.php(143): CActiveRecord->__call('_find', Array)
#2 F:\www\520xmn\webapp\protected\models\Pic.php(143): Pic->_find(Array)
#3 F:\www\520xmn\webapp\protected\controllers\PicController.php(9): Pic->getHotPic(1)
#4 F:\www\520xmn\webapp\framework\web\actions\CInlineAction.php(49): PicController->actionIndex()
#5 F:\www\520xmn\webapp\framework\web\CController.php(308): CInlineAction->runWithParams(Array)
#6 F:\www\520xmn\webapp\framework\web\CController.php(286): CController->runAction(Object(CInlineAction))
#7 F:\www\520xmn\webapp\framework\web\CController.php(265): CController->runActionWithFilters(Object(CInlineAction), Array)
#8 F:\www\520xmn\webapp\framework\web\CWebApplication.php(282): CController->run('')
#9 F:\www\520xmn\webapp\framework\web\CWebApplication.php(141): CWebApplication->runController('pic')
#10 F:\www\520xmn\webapp\framework\base\CApplication.php(169): CWebApplication->processRequest()
#11 F:\www\520xmn\webapp\index.php(18): CApplication->run()
#12 {main}
REQUEST_URI=/520xmn/webapp/index.php?r=pic
---
2013/04/25 20:05:23 [error] [exception.CException] exception 'CException' with message 'Pic and its behaviors do not have a method or closure named "_find".' in F:\www\520xmn\webapp\framework\base\CComponent.php:265
Stack trace:
#0 F:\www\520xmn\webapp\framework\db\ar\CActiveRecord.php(225): CComponent->__call('_find', Array)
#1 F:\www\520xmn\webapp\protected\models\Pic.php(143): CActiveRecord->__call('_find', Array)
#2 F:\www\520xmn\webapp\protected\models\Pic.php(143): Pic->_find(Array)
#3 F:\www\520xmn\webapp\protected\controllers\PicController.php(9): Pic->getHotPic(1)
#4 F:\www\520xmn\webapp\framework\web\actions\CInlineAction.php(49): PicController->actionIndex()
#5 F:\www\520xmn\webapp\framework\web\CController.php(308): CInlineAction->runWithParams(Array)
#6 F:\www\520xmn\webapp\framework\web\CController.php(286): CController->runAction(Object(CInlineAction))
#7 F:\www\520xmn\webapp\framework\web\CController.php(265): CController->runActionWithFilters(Object(CInlineAction), Array)
#8 F:\www\520xmn\webapp\framework\web\CWebApplication.php(282): CController->run('')
#9 F:\www\520xmn\webapp\framework\web\CWebApplication.php(141): CWebApplication->runController('pic')
#10 F:\www\520xmn\webapp\framework\base\CApplication.php(169): CWebApplication->processRequest()
#11 F:\www\520xmn\webapp\index.php(18): CApplication->run()
#12 {main}
REQUEST_URI=/520xmn/webapp/index.php?r=pic
---
2013/04/25 20:05:23 [error] [exception.CException] exception 'CException' with message 'Pic and its behaviors do not have a method or closure named "_find".' in F:\www\520xmn\webapp\framework\base\CComponent.php:265
Stack trace:
#0 F:\www\520xmn\webapp\framework\db\ar\CActiveRecord.php(225): CComponent->__call('_find', Array)
#1 F:\www\520xmn\webapp\protected\models\Pic.php(143): CActiveRecord->__call('_find', Array)
#2 F:\www\520xmn\webapp\protected\models\Pic.php(143): Pic->_find(Array)
#3 F:\www\520xmn\webapp\protected\controllers\PicController.php(9): Pic->getHotPic(1)
#4 F:\www\520xmn\webapp\framework\web\actions\CInlineAction.php(49): PicController->actionIndex()
#5 F:\www\520xmn\webapp\framework\web\CController.php(308): CInlineAction->runWithParams(Array)
#6 F:\www\520xmn\webapp\framework\web\CController.php(286): CController->runAction(Object(CInlineAction))
#7 F:\www\520xmn\webapp\framework\web\CController.php(265): CController->runActionWithFilters(Object(CInlineAction), Array)
#8 F:\www\520xmn\webapp\framework\web\CWebApplication.php(282): CController->run('')
#9 F:\www\520xmn\webapp\framework\web\CWebApplication.php(141): CWebApplication->runController('pic')
#10 F:\www\520xmn\webapp\framework\base\CApplication.php(169): CWebApplication->processRequest()
#11 F:\www\520xmn\webapp\index.php(18): CApplication->run()
#12 {main}
REQUEST_URI=/520xmn/webapp/index.php?r=pic
---
2013/04/25 20:05:24 [error] [exception.CException] exception 'CException' with message 'Pic and its behaviors do not have a method or closure named "_find".' in F:\www\520xmn\webapp\framework\base\CComponent.php:265
Stack trace:
#0 F:\www\520xmn\webapp\framework\db\ar\CActiveRecord.php(225): CComponent->__call('_find', Array)
#1 F:\www\520xmn\webapp\protected\models\Pic.php(143): CActiveRecord->__call('_find', Array)
#2 F:\www\520xmn\webapp\protected\models\Pic.php(143): Pic->_find(Array)
#3 F:\www\520xmn\webapp\protected\controllers\PicController.php(9): Pic->getHotPic(1)
#4 F:\www\520xmn\webapp\framework\web\actions\CInlineAction.php(49): PicController->actionIndex()
#5 F:\www\520xmn\webapp\framework\web\CController.php(308): CInlineAction->runWithParams(Array)
#6 F:\www\520xmn\webapp\framework\web\CController.php(286): CController->runAction(Object(CInlineAction))
#7 F:\www\520xmn\webapp\framework\web\CController.php(265): CController->runActionWithFilters(Object(CInlineAction), Array)
#8 F:\www\520xmn\webapp\framework\web\CWebApplication.php(282): CController->run('')
#9 F:\www\520xmn\webapp\framework\web\CWebApplication.php(141): CWebApplication->runController('pic')
#10 F:\www\520xmn\webapp\framework\base\CApplication.php(169): CWebApplication->processRequest()
#11 F:\www\520xmn\webapp\index.php(18): CApplication->run()
#12 {main}
REQUEST_URI=/520xmn/webapp/index.php?r=pic
---
2013/04/25 20:05:48 [error] [exception.CException] exception 'CException' with message 'Pic and its behaviors do not have a method or closure named "_find".' in F:\www\520xmn\webapp\framework\base\CComponent.php:265
Stack trace:
#0 F:\www\520xmn\webapp\framework\db\ar\CActiveRecord.php(225): CComponent->__call('_find', Array)
#1 F:\www\520xmn\webapp\protected\models\Pic.php(142): CActiveRecord->__call('_find', Array)
#2 F:\www\520xmn\webapp\protected\models\Pic.php(142): Pic->_find(Array)
#3 F:\www\520xmn\webapp\protected\controllers\PicController.php(9): Pic->getHotPic(1)
#4 F:\www\520xmn\webapp\framework\web\actions\CInlineAction.php(49): PicController->actionIndex()
#5 F:\www\520xmn\webapp\framework\web\CController.php(308): CInlineAction->runWithParams(Array)
#6 F:\www\520xmn\webapp\framework\web\CController.php(286): CController->runAction(Object(CInlineAction))
#7 F:\www\520xmn\webapp\framework\web\CController.php(265): CController->runActionWithFilters(Object(CInlineAction), Array)
#8 F:\www\520xmn\webapp\framework\web\CWebApplication.php(282): CController->run('')
#9 F:\www\520xmn\webapp\framework\web\CWebApplication.php(141): CWebApplication->runController('pic')
#10 F:\www\520xmn\webapp\framework\base\CApplication.php(169): CWebApplication->processRequest()
#11 F:\www\520xmn\webapp\index.php(18): CApplication->run()
#12 {main}
REQUEST_URI=/520xmn/webapp/index.php?r=pic
---
2013/04/25 20:05:49 [error] [exception.CException] exception 'CException' with message 'Pic and its behaviors do not have a method or closure named "_find".' in F:\www\520xmn\webapp\framework\base\CComponent.php:265
Stack trace:
#0 F:\www\520xmn\webapp\framework\db\ar\CActiveRecord.php(225): CComponent->__call('_find', Array)
#1 F:\www\520xmn\webapp\protected\models\Pic.php(142): CActiveRecord->__call('_find', Array)
#2 F:\www\520xmn\webapp\protected\models\Pic.php(142): Pic->_find(Array)
#3 F:\www\520xmn\webapp\protected\controllers\PicController.php(9): Pic->getHotPic(1)
#4 F:\www\520xmn\webapp\framework\web\actions\CInlineAction.php(49): PicController->actionIndex()
#5 F:\www\520xmn\webapp\framework\web\CController.php(308): CInlineAction->runWithParams(Array)
#6 F:\www\520xmn\webapp\framework\web\CController.php(286): CController->runAction(Object(CInlineAction))
#7 F:\www\520xmn\webapp\framework\web\CController.php(265): CController->runActionWithFilters(Object(CInlineAction), Array)
#8 F:\www\520xmn\webapp\framework\web\CWebApplication.php(282): CController->run('')
#9 F:\www\520xmn\webapp\framework\web\CWebApplication.php(141): CWebApplication->runController('pic')
#10 F:\www\520xmn\webapp\framework\base\CApplication.php(169): CWebApplication->processRequest()
#11 F:\www\520xmn\webapp\index.php(18): CApplication->run()
#12 {main}
REQUEST_URI=/520xmn/webapp/index.php?r=pic
---
2013/04/25 20:05:49 [error] [exception.CException] exception 'CException' with message 'Pic and its behaviors do not have a method or closure named "_find".' in F:\www\520xmn\webapp\framework\base\CComponent.php:265
Stack trace:
#0 F:\www\520xmn\webapp\framework\db\ar\CActiveRecord.php(225): CComponent->__call('_find', Array)
#1 F:\www\520xmn\webapp\protected\models\Pic.php(142): CActiveRecord->__call('_find', Array)
#2 F:\www\520xmn\webapp\protected\models\Pic.php(142): Pic->_find(Array)
#3 F:\www\520xmn\webapp\protected\controllers\PicController.php(9): Pic->getHotPic(1)
#4 F:\www\520xmn\webapp\framework\web\actions\CInlineAction.php(49): PicController->actionIndex()
#5 F:\www\520xmn\webapp\framework\web\CController.php(308): CInlineAction->runWithParams(Array)
#6 F:\www\520xmn\webapp\framework\web\CController.php(286): CController->runAction(Object(CInlineAction))
#7 F:\www\520xmn\webapp\framework\web\CController.php(265): CController->runActionWithFilters(Object(CInlineAction), Array)
#8 F:\www\520xmn\webapp\framework\web\CWebApplication.php(282): CController->run('')
#9 F:\www\520xmn\webapp\framework\web\CWebApplication.php(141): CWebApplication->runController('pic')
#10 F:\www\520xmn\webapp\framework\base\CApplication.php(169): CWebApplication->processRequest()
#11 F:\www\520xmn\webapp\index.php(18): CApplication->run()
#12 {main}
REQUEST_URI=/520xmn/webapp/index.php?r=pic
---
2013/04/25 20:05:49 [error] [exception.CException] exception 'CException' with message 'Pic and its behaviors do not have a method or closure named "_find".' in F:\www\520xmn\webapp\framework\base\CComponent.php:265
Stack trace:
#0 F:\www\520xmn\webapp\framework\db\ar\CActiveRecord.php(225): CComponent->__call('_find', Array)
#1 F:\www\520xmn\webapp\protected\models\Pic.php(142): CActiveRecord->__call('_find', Array)
#2 F:\www\520xmn\webapp\protected\models\Pic.php(142): Pic->_find(Array)
#3 F:\www\520xmn\webapp\protected\controllers\PicController.php(9): Pic->getHotPic(1)
#4 F:\www\520xmn\webapp\framework\web\actions\CInlineAction.php(49): PicController->actionIndex()
#5 F:\www\520xmn\webapp\framework\web\CController.php(308): CInlineAction->runWithParams(Array)
#6 F:\www\520xmn\webapp\framework\web\CController.php(286): CController->runAction(Object(CInlineAction))
#7 F:\www\520xmn\webapp\framework\web\CController.php(265): CController->runActionWithFilters(Object(CInlineAction), Array)
#8 F:\www\520xmn\webapp\framework\web\CWebApplication.php(282): CController->run('')
#9 F:\www\520xmn\webapp\framework\web\CWebApplication.php(141): CWebApplication->runController('pic')
#10 F:\www\520xmn\webapp\framework\base\CApplication.php(169): CWebApplication->processRequest()
#11 F:\www\520xmn\webapp\index.php(18): CApplication->run()
#12 {main}
REQUEST_URI=/520xmn/webapp/index.php?r=pic
---
2013/04/25 20:23:16 [error] [exception.CDbException] exception 'CDbException' with message 'The relation "pic" in active record class "Term" is specified with an invalid foreign key " term_id". There is no such column in the table "pic_term_relation".' in F:\www\520xmn\webapp\framework\db\ar\CActiveFinder.php:1085
Stack trace:
#0 F:\www\520xmn\webapp\framework\db\ar\CActiveFinder.php(994): CJoinElement->joinManyMany(Object(CMysqlTableSchema), Array, Object(CJoinElement))
#1 F:\www\520xmn\webapp\framework\db\ar\CActiveFinder.php(1242): CJoinElement->getJoinCondition()
#2 F:\www\520xmn\webapp\framework\db\ar\CActiveFinder.php(428): CJoinQuery->join(Object(CJoinElement))
#3 F:\www\520xmn\webapp\framework\db\ar\CActiveFinder.php(434): CJoinElement->find()
#4 F:\www\520xmn\webapp\framework\db\ar\CActiveFinder.php(68): CJoinElement->find(Object(CDbCriteria))
#5 F:\www\520xmn\webapp\framework\db\ar\CActiveRecord.php(1302): CActiveFinder->query(Object(CDbCriteria), true)
#6 F:\www\520xmn\webapp\framework\db\ar\CActiveRecord.php(1416): CActiveRecord->query(Object(CDbCriteria), true)
#7 F:\www\520xmn\webapp\framework\db\ar\CActiveRecord.php(1882): CActiveRecord->findAll(Array)
#8 F:\www\520xmn\webapp\protected\models\Term.php(102): CActiveRecord->f(Array)
#9 F:\www\520xmn\webapp\protected\controllers\PicController.php(9): Term->getTagPic('??????')
#10 F:\www\520xmn\webapp\framework\web\actions\CInlineAction.php(49): PicController->actionIndex()
#11 F:\www\520xmn\webapp\framework\web\CController.php(308): CInlineAction->runWithParams(Array)
#12 F:\www\520xmn\webapp\framework\web\CController.php(286): CController->runAction(Object(CInlineAction))
#13 F:\www\520xmn\webapp\framework\web\CController.php(265): CController->runActionWithFilters(Object(CInlineAction), Array)
#14 F:\www\520xmn\webapp\framework\web\CWebApplication.php(282): CController->run('')
#15 F:\www\520xmn\webapp\framework\web\CWebApplication.php(141): CWebApplication->runController('pic')
#16 F:\www\520xmn\webapp\framework\base\CApplication.php(169): CWebApplication->processRequest()
#17 F:\www\520xmn\webapp\index.php(18): CApplication->run()
#18 {main}
REQUEST_URI=/520xmn/webapp/index.php?r=pic
---
2013/04/25 20:25:09 [error] [exception.CDbException] exception 'CDbException' with message 'The relation "pic" in active record class "Term" is specified with an invalid foreign key "  pic_id". There is no such column in the table "pic_term_relation".' in F:\www\520xmn\webapp\framework\db\ar\CActiveFinder.php:1085
Stack trace:
#0 F:\www\520xmn\webapp\framework\db\ar\CActiveFinder.php(994): CJoinElement->joinManyMany(Object(CMysqlTableSchema), Array, Object(CJoinElement))
#1 F:\www\520xmn\webapp\framework\db\ar\CActiveFinder.php(1242): CJoinElement->getJoinCondition()
#2 F:\www\520xmn\webapp\framework\db\ar\CActiveFinder.php(428): CJoinQuery->join(Object(CJoinElement))
#3 F:\www\520xmn\webapp\framework\db\ar\CActiveFinder.php(434): CJoinElement->find()
#4 F:\www\520xmn\webapp\framework\db\ar\CActiveFinder.php(68): CJoinElement->find(Object(CDbCriteria))
#5 F:\www\520xmn\webapp\framework\db\ar\CActiveRecord.php(1302): CActiveFinder->query(Object(CDbCriteria), true)
#6 F:\www\520xmn\webapp\framework\db\ar\CActiveRecord.php(1416): CActiveRecord->query(Object(CDbCriteria), true)
#7 F:\www\520xmn\webapp\framework\db\ar\CActiveRecord.php(1882): CActiveRecord->findAll(Array)
#8 F:\www\520xmn\webapp\protected\models\Term.php(102): CActiveRecord->f(Array)
#9 F:\www\520xmn\webapp\protected\controllers\PicController.php(9): Term->getTagPic('??????')
#10 F:\www\520xmn\webapp\framework\web\actions\CInlineAction.php(49): PicController->actionIndex()
#11 F:\www\520xmn\webapp\framework\web\CController.php(308): CInlineAction->runWithParams(Array)
#12 F:\www\520xmn\webapp\framework\web\CController.php(286): CController->runAction(Object(CInlineAction))
#13 F:\www\520xmn\webapp\framework\web\CController.php(265): CController->runActionWithFilters(Object(CInlineAction), Array)
#14 F:\www\520xmn\webapp\framework\web\CWebApplication.php(282): CController->run('')
#15 F:\www\520xmn\webapp\framework\web\CWebApplication.php(141): CWebApplication->runController('pic')
#16 F:\www\520xmn\webapp\framework\base\CApplication.php(169): CWebApplication->processRequest()
#17 F:\www\520xmn\webapp\index.php(18): CApplication->run()
#18 {main}
REQUEST_URI=/520xmn/webapp/index.php?r=pic
---
2013/04/25 20:26:53 [error] [exception.CDbException] exception 'CDbException' with message 'The relation "pic" in active record class "Term" is specified with an invalid foreign key "  term_id". There is no such column in the table "pic_term_relation".' in F:\www\520xmn\webapp\framework\db\ar\CActiveFinder.php:1085
Stack trace:
#0 F:\www\520xmn\webapp\framework\db\ar\CActiveFinder.php(994): CJoinElement->joinManyMany(Object(CMysqlTableSchema), Array, Object(CJoinElement))
#1 F:\www\520xmn\webapp\framework\db\ar\CActiveFinder.php(1242): CJoinElement->getJoinCondition()
#2 F:\www\520xmn\webapp\framework\db\ar\CActiveFinder.php(428): CJoinQuery->join(Object(CJoinElement))
#3 F:\www\520xmn\webapp\framework\db\ar\CActiveFinder.php(434): CJoinElement->find()
#4 F:\www\520xmn\webapp\framework\db\ar\CActiveFinder.php(68): CJoinElement->find(Object(CDbCriteria))
#5 F:\www\520xmn\webapp\framework\db\ar\CActiveRecord.php(1302): CActiveFinder->query(Object(CDbCriteria), true)
#6 F:\www\520xmn\webapp\framework\db\ar\CActiveRecord.php(1416): CActiveRecord->query(Object(CDbCriteria), true)
#7 F:\www\520xmn\webapp\framework\db\ar\CActiveRecord.php(1882): CActiveRecord->findAll(Array)
#8 F:\www\520xmn\webapp\protected\models\Term.php(102): CActiveRecord->f(Array)
#9 F:\www\520xmn\webapp\protected\controllers\PicController.php(9): Term->getTagPic('??????')
#10 F:\www\520xmn\webapp\framework\web\actions\CInlineAction.php(49): PicController->actionIndex()
#11 F:\www\520xmn\webapp\framework\web\CController.php(308): CInlineAction->runWithParams(Array)
#12 F:\www\520xmn\webapp\framework\web\CController.php(286): CController->runAction(Object(CInlineAction))
#13 F:\www\520xmn\webapp\framework\web\CController.php(265): CController->runActionWithFilters(Object(CInlineAction), Array)
#14 F:\www\520xmn\webapp\framework\web\CWebApplication.php(282): CController->run('')
#15 F:\www\520xmn\webapp\framework\web\CWebApplication.php(141): CWebApplication->runController('pic')
#16 F:\www\520xmn\webapp\framework\base\CApplication.php(169): CWebApplication->processRequest()
#17 F:\www\520xmn\webapp\index.php(18): CApplication->run()
#18 {main}
REQUEST_URI=/520xmn/webapp/index.php?r=pic
---
2013/04/25 20:27:40 [error] [exception.CDbException] exception 'CDbException' with message 'The relation "pic" in active record class "Term" is specified with an invalid foreign key " term_id". There is no such column in the table "pic_term_relation".' in F:\www\520xmn\webapp\framework\db\ar\CActiveFinder.php:1085
Stack trace:
#0 F:\www\520xmn\webapp\framework\db\ar\CActiveFinder.php(994): CJoinElement->joinManyMany(Object(CMysqlTableSchema), Array, Object(CJoinElement))
#1 F:\www\520xmn\webapp\framework\db\ar\CActiveFinder.php(1242): CJoinElement->getJoinCondition()
#2 F:\www\520xmn\webapp\framework\db\ar\CActiveFinder.php(428): CJoinQuery->join(Object(CJoinElement))
#3 F:\www\520xmn\webapp\framework\db\ar\CActiveFinder.php(434): CJoinElement->find()
#4 F:\www\520xmn\webapp\framework\db\ar\CActiveFinder.php(68): CJoinElement->find(Object(CDbCriteria))
#5 F:\www\520xmn\webapp\framework\db\ar\CActiveRecord.php(1302): CActiveFinder->query(Object(CDbCriteria), true)
#6 F:\www\520xmn\webapp\framework\db\ar\CActiveRecord.php(1416): CActiveRecord->query(Object(CDbCriteria), true)
#7 F:\www\520xmn\webapp\framework\db\ar\CActiveRecord.php(1882): CActiveRecord->findAll(Array)
#8 F:\www\520xmn\webapp\protected\models\Term.php(102): CActiveRecord->f(Array)
#9 F:\www\520xmn\webapp\protected\controllers\PicController.php(9): Term->getTagPic('??????')
#10 F:\www\520xmn\webapp\framework\web\actions\CInlineAction.php(49): PicController->actionIndex()
#11 F:\www\520xmn\webapp\framework\web\CController.php(308): CInlineAction->runWithParams(Array)
#12 F:\www\520xmn\webapp\framework\web\CController.php(286): CController->runAction(Object(CInlineAction))
#13 F:\www\520xmn\webapp\framework\web\CController.php(265): CController->runActionWithFilters(Object(CInlineAction), Array)
#14 F:\www\520xmn\webapp\framework\web\CWebApplication.php(282): CController->run('')
#15 F:\www\520xmn\webapp\framework\web\CWebApplication.php(141): CWebApplication->runController('pic')
#16 F:\www\520xmn\webapp\framework\base\CApplication.php(169): CWebApplication->processRequest()
#17 F:\www\520xmn\webapp\index.php(18): CApplication->run()
#18 {main}
REQUEST_URI=/520xmn/webapp/index.php?r=pic
---
2013/04/25 20:30:13 [error] [exception.CDbException] exception 'CDbException' with message 'The relation "picture" in active record class "Term" is specified with an invalid foreign key " term_id". There is no such column in the table "pic_term_relation".' in F:\www\520xmn\webapp\framework\db\ar\CActiveFinder.php:1085
Stack trace:
#0 F:\www\520xmn\webapp\framework\db\ar\CActiveFinder.php(994): CJoinElement->joinManyMany(Object(CMysqlTableSchema), Array, Object(CJoinElement))
#1 F:\www\520xmn\webapp\framework\db\ar\CActiveFinder.php(1242): CJoinElement->getJoinCondition()
#2 F:\www\520xmn\webapp\framework\db\ar\CActiveFinder.php(428): CJoinQuery->join(Object(CJoinElement))
#3 F:\www\520xmn\webapp\framework\db\ar\CActiveFinder.php(434): CJoinElement->find()
#4 F:\www\520xmn\webapp\framework\db\ar\CActiveFinder.php(68): CJoinElement->find(Object(CDbCriteria))
#5 F:\www\520xmn\webapp\framework\db\ar\CActiveRecord.php(1302): CActiveFinder->query(Object(CDbCriteria), true)
#6 F:\www\520xmn\webapp\framework\db\ar\CActiveRecord.php(1416): CActiveRecord->query(Object(CDbCriteria), true)
#7 F:\www\520xmn\webapp\framework\db\ar\CActiveRecord.php(1882): CActiveRecord->findAll(Array)
#8 F:\www\520xmn\webapp\protected\models\Term.php(102): CActiveRecord->f(Array)
#9 F:\www\520xmn\webapp\protected\controllers\PicController.php(9): Term->getTagPic('??????')
#10 F:\www\520xmn\webapp\framework\web\actions\CInlineAction.php(49): PicController->actionIndex()
#11 F:\www\520xmn\webapp\framework\web\CController.php(308): CInlineAction->runWithParams(Array)
#12 F:\www\520xmn\webapp\framework\web\CController.php(286): CController->runAction(Object(CInlineAction))
#13 F:\www\520xmn\webapp\framework\web\CController.php(265): CController->runActionWithFilters(Object(CInlineAction), Array)
#14 F:\www\520xmn\webapp\framework\web\CWebApplication.php(282): CController->run('')
#15 F:\www\520xmn\webapp\framework\web\CWebApplication.php(141): CWebApplication->runController('pic')
#16 F:\www\520xmn\webapp\framework\base\CApplication.php(169): CWebApplication->processRequest()
#17 F:\www\520xmn\webapp\index.php(18): CApplication->run()
#18 {main}
REQUEST_URI=/520xmn/webapp/index.php?r=pic
---
2013/04/25 20:38:15 [error] [exception.CDbException] exception 'CDbException' with message 'The relation "picture" in active record class "Term" is specified with an invalid foreign key " term_id". There is no such column in the table "pic_term_relation".' in F:\www\520xmn\webapp\framework\db\ar\CActiveFinder.php:1085
Stack trace:
#0 F:\www\520xmn\webapp\framework\db\ar\CActiveFinder.php(994): CJoinElement->joinManyMany(Object(CMysqlTableSchema), Array, Object(CJoinElement))
#1 F:\www\520xmn\webapp\framework\db\ar\CActiveFinder.php(1242): CJoinElement->getJoinCondition()
#2 F:\www\520xmn\webapp\framework\db\ar\CActiveFinder.php(428): CJoinQuery->join(Object(CJoinElement))
#3 F:\www\520xmn\webapp\framework\db\ar\CActiveFinder.php(434): CJoinElement->find()
#4 F:\www\520xmn\webapp\framework\db\ar\CActiveFinder.php(68): CJoinElement->find(Object(CDbCriteria))
#5 F:\www\520xmn\webapp\framework\db\ar\CActiveRecord.php(1302): CActiveFinder->query(Object(CDbCriteria), true)
#6 F:\www\520xmn\webapp\framework\db\ar\CActiveRecord.php(1416): CActiveRecord->query(Object(CDbCriteria), true)
#7 F:\www\520xmn\webapp\framework\db\ar\CActiveRecord.php(1882): CActiveRecord->findAll(Array)
#8 F:\www\520xmn\webapp\protected\models\Term.php(102): CActiveRecord->f(Array)
#9 F:\www\520xmn\webapp\protected\controllers\PicController.php(9): Term->getTagPic('??????')
#10 F:\www\520xmn\webapp\framework\web\actions\CInlineAction.php(49): PicController->actionIndex()
#11 F:\www\520xmn\webapp\framework\web\CController.php(308): CInlineAction->runWithParams(Array)
#12 F:\www\520xmn\webapp\framework\web\CController.php(286): CController->runAction(Object(CInlineAction))
#13 F:\www\520xmn\webapp\framework\web\CController.php(265): CController->runActionWithFilters(Object(CInlineAction), Array)
#14 F:\www\520xmn\webapp\framework\web\CWebApplication.php(282): CController->run('')
#15 F:\www\520xmn\webapp\framework\web\CWebApplication.php(141): CWebApplication->runController('pic')
#16 F:\www\520xmn\webapp\framework\base\CApplication.php(169): CWebApplication->processRequest()
#17 F:\www\520xmn\webapp\index.php(18): CApplication->run()
#18 {main}
REQUEST_URI=/520xmn/webapp/index.php?r=pic
---
2013/04/25 20:38:16 [error] [exception.CDbException] exception 'CDbException' with message 'The relation "picture" in active record class "Term" is specified with an invalid foreign key " term_id". There is no such column in the table "pic_term_relation".' in F:\www\520xmn\webapp\framework\db\ar\CActiveFinder.php:1085
Stack trace:
#0 F:\www\520xmn\webapp\framework\db\ar\CActiveFinder.php(994): CJoinElement->joinManyMany(Object(CMysqlTableSchema), Array, Object(CJoinElement))
#1 F:\www\520xmn\webapp\framework\db\ar\CActiveFinder.php(1242): CJoinElement->getJoinCondition()
#2 F:\www\520xmn\webapp\framework\db\ar\CActiveFinder.php(428): CJoinQuery->join(Object(CJoinElement))
#3 F:\www\520xmn\webapp\framework\db\ar\CActiveFinder.php(434): CJoinElement->find()
#4 F:\www\520xmn\webapp\framework\db\ar\CActiveFinder.php(68): CJoinElement->find(Object(CDbCriteria))
#5 F:\www\520xmn\webapp\framework\db\ar\CActiveRecord.php(1302): CActiveFinder->query(Object(CDbCriteria), true)
#6 F:\www\520xmn\webapp\framework\db\ar\CActiveRecord.php(1416): CActiveRecord->query(Object(CDbCriteria), true)
#7 F:\www\520xmn\webapp\framework\db\ar\CActiveRecord.php(1882): CActiveRecord->findAll(Array)
#8 F:\www\520xmn\webapp\protected\models\Term.php(102): CActiveRecord->f(Array)
#9 F:\www\520xmn\webapp\protected\controllers\PicController.php(9): Term->getTagPic('??????')
#10 F:\www\520xmn\webapp\framework\web\actions\CInlineAction.php(49): PicController->actionIndex()
#11 F:\www\520xmn\webapp\framework\web\CController.php(308): CInlineAction->runWithParams(Array)
#12 F:\www\520xmn\webapp\framework\web\CController.php(286): CController->runAction(Object(CInlineAction))
#13 F:\www\520xmn\webapp\framework\web\CController.php(265): CController->runActionWithFilters(Object(CInlineAction), Array)
#14 F:\www\520xmn\webapp\framework\web\CWebApplication.php(282): CController->run('')
#15 F:\www\520xmn\webapp\framework\web\CWebApplication.php(141): CWebApplication->runController('pic')
#16 F:\www\520xmn\webapp\framework\base\CApplication.php(169): CWebApplication->processRequest()
#17 F:\www\520xmn\webapp\index.php(18): CApplication->run()
#18 {main}
REQUEST_URI=/520xmn/webapp/index.php?r=pic
---
2013/04/25 20:39:29 [error] [exception.CDbException] exception 'CDbException' with message 'The relation "picture" in active record class "Term" is specified with an invalid foreign key " term_id". There is no such column in the table "pic_term_relation".' in F:\www\520xmn\webapp\framework\db\ar\CActiveFinder.php:1085
Stack trace:
#0 F:\www\520xmn\webapp\framework\db\ar\CActiveFinder.php(994): CJoinElement->joinManyMany(Object(CMysqlTableSchema), Array, Object(CJoinElement))
#1 F:\www\520xmn\webapp\framework\db\ar\CActiveFinder.php(1242): CJoinElement->getJoinCondition()
#2 F:\www\520xmn\webapp\framework\db\ar\CActiveFinder.php(428): CJoinQuery->join(Object(CJoinElement))
#3 F:\www\520xmn\webapp\framework\db\ar\CActiveFinder.php(434): CJoinElement->find()
#4 F:\www\520xmn\webapp\framework\db\ar\CActiveFinder.php(68): CJoinElement->find(Object(CDbCriteria))
#5 F:\www\520xmn\webapp\framework\db\ar\CActiveRecord.php(1302): CActiveFinder->query(Object(CDbCriteria), true)
#6 F:\www\520xmn\webapp\framework\db\ar\CActiveRecord.php(1416): CActiveRecord->query(Object(CDbCriteria), true)
#7 F:\www\520xmn\webapp\framework\db\ar\CActiveRecord.php(1882): CActiveRecord->findAll(Array)
#8 F:\www\520xmn\webapp\protected\models\Term.php(102): CActiveRecord->f(Array)
#9 F:\www\520xmn\webapp\protected\controllers\PicController.php(9): Term->getTagPic('??????')
#10 F:\www\520xmn\webapp\framework\web\actions\CInlineAction.php(49): PicController->actionIndex()
#11 F:\www\520xmn\webapp\framework\web\CController.php(308): CInlineAction->runWithParams(Array)
#12 F:\www\520xmn\webapp\framework\web\CController.php(286): CController->runAction(Object(CInlineAction))
#13 F:\www\520xmn\webapp\framework\web\CController.php(265): CController->runActionWithFilters(Object(CInlineAction), Array)
#14 F:\www\520xmn\webapp\framework\web\CWebApplication.php(282): CController->run('')
#15 F:\www\520xmn\webapp\framework\web\CWebApplication.php(141): CWebApplication->runController('pic')
#16 F:\www\520xmn\webapp\framework\base\CApplication.php(169): CWebApplication->processRequest()
#17 F:\www\520xmn\webapp\index.php(18): CApplication->run()
#18 {main}
REQUEST_URI=/520xmn/webapp/index.php?r=pic
---
2013/04/25 20:45:17 [error] [system.db.CDbCommand] CDbCommand::fetchAll() failed: SQLSTATE[23000]: Integrity constraint violation: 1052 Column 'created' in order clause is ambiguous. The SQL statement executed was: SELECT `t`.`id` AS `t0_c0`, `picture`.`id` AS `t1_c0`, `picture`.`src` AS `t1_c1`, `picture`.`created` AS `t1_c2`, `picture`.`view_count` AS `t1_c3`, `picture`.`path` AS `t1_c4`, `picture`.`file_name` AS `t1_c5`, `picture`.`title` AS `t1_c6`, `picture`.`remark` AS `t1_c7`, `picture`.`postfix` AS `t1_c8` FROM `term` `t` LEFT OUTER JOIN `pic_term_relation` `picture_picture` ON (`t`.`id`=`picture_picture`.`term_id`) LEFT OUTER JOIN `pic` `picture` ON (`picture`.`id`=`picture_picture`.`pic_id`)  WHERE (`t`.`id`=2) ORDER BY created DESC, picture.view_count desc.
in F:\www\520xmn\webapp\protected\models\Term.php (104)
in F:\www\520xmn\webapp\protected\controllers\PicController.php (9)
in F:\www\520xmn\webapp\index.php (18)
2013/04/25 20:45:17 [error] [exception.CDbException] exception 'CDbException' with message 'CDbCommand failed to execute the SQL statement: SQLSTATE[23000]: Integrity constraint violation: 1052 Column 'created' in order clause is ambiguous. The SQL statement executed was: SELECT `t`.`id` AS `t0_c0`, `picture`.`id` AS `t1_c0`, `picture`.`src` AS `t1_c1`, `picture`.`created` AS `t1_c2`, `picture`.`view_count` AS `t1_c3`, `picture`.`path` AS `t1_c4`, `picture`.`file_name` AS `t1_c5`, `picture`.`title` AS `t1_c6`, `picture`.`remark` AS `t1_c7`, `picture`.`postfix` AS `t1_c8` FROM `term` `t` LEFT OUTER JOIN `pic_term_relation` `picture_picture` ON (`t`.`id`=`picture_picture`.`term_id`) LEFT OUTER JOIN `pic` `picture` ON (`picture`.`id`=`picture_picture`.`pic_id`)  WHERE (`t`.`id`=2) ORDER BY created DESC, picture.view_count desc' in F:\www\520xmn\webapp\framework\db\CDbCommand.php:541
Stack trace:
#0 F:\www\520xmn\webapp\framework\db\CDbCommand.php(395): CDbCommand->queryInternal('fetchAll', Array, Array)
#1 F:\www\520xmn\webapp\framework\db\ar\CActiveFinder.php(761): CDbCommand->queryAll()
#2 F:\www\520xmn\webapp\framework\db\ar\CActiveFinder.php(430): CJoinElement->runQuery(Object(CJoinQuery))
#3 F:\www\520xmn\webapp\framework\db\ar\CActiveFinder.php(434): CJoinElement->find()
#4 F:\www\520xmn\webapp\framework\db\ar\CActiveFinder.php(68): CJoinElement->find(Object(CDbCriteria))
#5 F:\www\520xmn\webapp\framework\db\ar\CActiveRecord.php(1302): CActiveFinder->query(Object(CDbCriteria), true)
#6 F:\www\520xmn\webapp\framework\db\ar\CActiveRecord.php(1416): CActiveRecord->query(Object(CDbCriteria), true)
#7 F:\www\520xmn\webapp\framework\db\ar\CActiveRecord.php(1882): CActiveRecord->findAll(Array)
#8 F:\www\520xmn\webapp\protected\models\Term.php(104): CActiveRecord->f(Array)
#9 F:\www\520xmn\webapp\protected\controllers\PicController.php(9): Term->getTagPic('??????')
#10 F:\www\520xmn\webapp\framework\web\actions\CInlineAction.php(49): PicController->actionIndex()
#11 F:\www\520xmn\webapp\framework\web\CController.php(308): CInlineAction->runWithParams(Array)
#12 F:\www\520xmn\webapp\framework\web\CController.php(286): CController->runAction(Object(CInlineAction))
#13 F:\www\520xmn\webapp\framework\web\CController.php(265): CController->runActionWithFilters(Object(CInlineAction), Array)
#14 F:\www\520xmn\webapp\framework\web\CWebApplication.php(282): CController->run('')
#15 F:\www\520xmn\webapp\framework\web\CWebApplication.php(141): CWebApplication->runController('pic')
#16 F:\www\520xmn\webapp\framework\base\CApplication.php(169): CWebApplication->processRequest()
#17 F:\www\520xmn\webapp\index.php(18): CApplication->run()
#18 {main}
REQUEST_URI=/520xmn/webapp/index.php?r=pic
---
2013/04/25 20:47:02 [error] [php] Array to string conversion (F:\www\520xmn\webapp\framework\db\ar\CActiveRecord.php:1909)
Stack trace:
#0 F:\www\520xmn\webapp\protected\controllers\PicController.php(9): Term->getTagPic()
#1 F:\www\520xmn\webapp\framework\web\actions\CInlineAction.php(49): PicController->actionIndex()
#2 F:\www\520xmn\webapp\framework\web\CController.php(308): CInlineAction->runWithParams()
#3 F:\www\520xmn\webapp\framework\web\CController.php(286): PicController->runAction()
#4 F:\www\520xmn\webapp\framework\web\CController.php(265): PicController->runActionWithFilters()
#5 F:\www\520xmn\webapp\framework\web\CWebApplication.php(282): PicController->run()
#6 F:\www\520xmn\webapp\framework\web\CWebApplication.php(141): CWebApplication->runController()
#7 F:\www\520xmn\webapp\framework\base\CApplication.php(169): CWebApplication->processRequest()
#8 F:\www\520xmn\webapp\index.php(18): CWebApplication->run()
REQUEST_URI=/520xmn/webapp/index.php?r=pic
in F:\www\520xmn\webapp\protected\models\Term.php (103)
in F:\www\520xmn\webapp\protected\controllers\PicController.php (9)
in F:\www\520xmn\webapp\index.php (18)
2013/04/25 20:48:51 [error] [php] Missing argument 1 for CActiveRecord::getActiveRelation(), called in F:\www\520xmn\webapp\framework\db\ar\CActiveRecord.php on line 1886 and defined (F:\www\520xmn\webapp\framework\db\ar\CActiveRecord.php:636)
Stack trace:
#0 F:\www\520xmn\webapp\protected\controllers\PicController.php(9): Term->getTagPic()
#1 F:\www\520xmn\webapp\framework\web\actions\CInlineAction.php(49): PicController->actionIndex()
#2 F:\www\520xmn\webapp\framework\web\CController.php(308): CInlineAction->runWithParams()
#3 F:\www\520xmn\webapp\framework\web\CController.php(286): PicController->runAction()
#4 F:\www\520xmn\webapp\framework\web\CController.php(265): PicController->runActionWithFilters()
#5 F:\www\520xmn\webapp\framework\web\CWebApplication.php(282): PicController->run()
#6 F:\www\520xmn\webapp\framework\web\CWebApplication.php(141): CWebApplication->runController()
#7 F:\www\520xmn\webapp\framework\base\CApplication.php(169): CWebApplication->processRequest()
#8 F:\www\520xmn\webapp\index.php(18): CWebApplication->run()
REQUEST_URI=/520xmn/webapp/index.php?r=pic
in F:\www\520xmn\webapp\protected\models\Term.php (103)
in F:\www\520xmn\webapp\protected\controllers\PicController.php (9)
in F:\www\520xmn\webapp\index.php (18)
